Determining if the pthread_create exist failed with the following output:
Change Dir: /home/lintang-sutawika/KRAI/trui-bot-prj/controller/build/CMakeFiles/CMakeTmp

Run Build Command:/usr/bin/make "cmTryCompileExec1147214490/fast"
/usr/bin/make -f CMakeFiles/cmTryCompileExec1147214490.dir/build.make CMakeFiles/cmTryCompileExec1147214490.dir/build
make[1]: Entering directory `/home/lintang-sutawika/KRAI/trui-bot-prj/controller/build/CMakeFiles/CMakeTmp'
/usr/bin/cmake -E cmake_progress_report /home/lintang-sutawika/KRAI/trui-bot-prj/controller/build/CMakeFiles/CMakeTmp/CMakeFiles 1
Building C object CMakeFiles/cmTryCompileExec1147214490.dir/CheckSymbolExists.c.o
/usr/bin/cc    -o CMakeFiles/cmTryCompileExec1147214490.dir/CheckSymbolExists.c.o   -c /home/lintang-sutawika/KRAI/trui-bot-prj/controller/build/CMakeFiles/CMakeTmp/CheckSymbolExists.c
Linking C executable cmTryCompileExec1147214490
/usr/bin/cmake -E cmake_link_script CMakeFiles/cmTryCompileExec1147214490.dir/link.txt --verbose=1
/usr/bin/cc       CMakeFiles/cmTryCompileExec1147214490.dir/CheckSymbolExists.c.o  -o cmTryCompileExec1147214490 -rdynamic 
CMakeFiles/cmTryCompileExec1147214490.dir/CheckSymbolExists.c.o: In function `main':
CheckSymbolExists.c:(.text+0x16): undefined reference to `pthread_create'
collect2: error: ld returned 1 exit status
make[1]: *** [cmTryCompileExec1147214490] Error 1
make[1]: Leaving directory `/home/lintang-sutawika/KRAI/trui-bot-prj/controller/build/CMakeFiles/CMakeTmp'
make: *** [cmTryCompileExec1147214490/fast] Error 2

File /home/lintang-sutawika/KRAI/trui-bot-prj/controller/build/CMakeFiles/CMakeTmp/CheckSymbolExists.c:
/* */
#include <pthread.h>

int main(int argc, char** argv)
{
  (void)argv;
#ifndef pthread_create
  return ((int*)(&pthread_create))[argc];
#else
  (void)argc;
  return 0;
#endif
}

Determining if the function pthread_create exists in the pthreads failed with the following output:
Change Dir: /home/lintang-sutawika/KRAI/trui-bot-prj/controller/build/CMakeFiles/CMakeTmp

Run Build Command:/usr/bin/make "cmTryCompileExec1256202986/fast"
/usr/bin/make -f CMakeFiles/cmTryCompileExec1256202986.dir/build.make CMakeFiles/cmTryCompileExec1256202986.dir/build
make[1]: Entering directory `/home/lintang-sutawika/KRAI/trui-bot-prj/controller/build/CMakeFiles/CMakeTmp'
/usr/bin/cmake -E cmake_progress_report /home/lintang-sutawika/KRAI/trui-bot-prj/controller/build/CMakeFiles/CMakeTmp/CMakeFiles 1
Building C object CMakeFiles/cmTryCompileExec1256202986.dir/CheckFunctionExists.c.o
/usr/bin/cc   -DCHECK_FUNCTION_EXISTS=pthread_create   -o CMakeFiles/cmTryCompileExec1256202986.dir/CheckFunctionExists.c.o   -c /usr/share/cmake-2.8/Modules/CheckFunctionExists.c
Linking C executable cmTryCompileExec1256202986
/usr/bin/cmake -E cmake_link_script CMakeFiles/cmTryCompileExec1256202986.dir/link.txt --verbose=1
/usr/bin/cc   -DCHECK_FUNCTION_EXISTS=pthread_create    CMakeFiles/cmTryCompileExec1256202986.dir/CheckFunctionExists.c.o  -o cmTryCompileExec1256202986 -rdynamic -lpthreads 
/usr/bin/ld: cannot find -lpthreads
collect2: error: ld returned 1 exit status
make[1]: *** [cmTryCompileExec1256202986] Error 1
make[1]: Leaving directory `/home/lintang-sutawika/KRAI/trui-bot-prj/controller/build/CMakeFiles/CMakeTmp'
make: *** [cmTryCompileExec1256202986/fast] Error 2


